2020-09-24 12:34:11,971 INFO o.a.j.u.JMeterUtils: Setting Locale to en_EN
2020-09-24 12:34:12,001 INFO o.a.j.JMeter: Loading user properties from: C:\Users\Revature\scoop\apps\jmeter\current\bin\user.properties
2020-09-24 12:34:12,004 INFO o.a.j.JMeter: Loading system properties from: C:\Users\Revature\scoop\apps\jmeter\current\bin\system.properties
2020-09-24 12:34:12,012 INFO o.a.j.JMeter: Copyright (c) 1998-2020 The Apache Software Foundation
2020-09-24 12:34:12,012 INFO o.a.j.JMeter: Version 5.3
2020-09-24 12:34:12,013 INFO o.a.j.JMeter: java.version=1.8.0_252
2020-09-24 12:34:12,013 INFO o.a.j.JMeter: java.vm.name=OpenJDK 64-Bit Server VM
2020-09-24 12:34:12,013 INFO o.a.j.JMeter: os.name=Windows 10
2020-09-24 12:34:12,013 INFO o.a.j.JMeter: os.arch=amd64
2020-09-24 12:34:12,013 INFO o.a.j.JMeter: os.version=10.0
2020-09-24 12:34:12,013 INFO o.a.j.JMeter: file.encoding=Cp1252
2020-09-24 12:34:12,013 INFO o.a.j.JMeter: java.awt.headless=true
2020-09-24 12:34:12,014 INFO o.a.j.JMeter: Max memory     =1073741824
2020-09-24 12:34:12,014 INFO o.a.j.JMeter: Available Processors =8
2020-09-24 12:34:12,021 INFO o.a.j.JMeter: Default Locale=English (EN)
2020-09-24 12:34:12,021 INFO o.a.j.JMeter: JMeter  Locale=English (EN)
2020-09-24 12:34:12,021 INFO o.a.j.JMeter: JMeterHome=C:\Users\Revature\scoop\apps\jmeter\current
2020-09-24 12:34:12,022 INFO o.a.j.JMeter: user.dir  =C:\Users\Revature\Documents\git\revature\200810jwa\demos\week4\BusinessDelegateExample
2020-09-24 12:34:12,023 INFO o.a.j.JMeter: PWD       =C:\Users\Revature\Documents\git\revature\200810jwa\demos\week4\BusinessDelegateExample
2020-09-24 12:34:12,025 INFO o.a.j.JMeter: IP: 192.168.50.86 Name: Rev-MatthewOberlies FullName: host.docker.internal
2020-09-24 12:34:12,029 INFO o.a.j.JMeter: Setting property 'jmeter.reportgenerator.outputdir' to:'C:\Users\Revature\Documents\git\revature\200810jwa\demos\week4\BusinessDelegateExample\reports\report1'
2020-09-24 12:34:12,036 INFO o.a.j.r.d.ReportGenerator: ReportGenerator will use for Parsing the separator: ','
2020-09-24 12:34:12,037 INFO o.a.j.r.d.ReportGenerator: Will only generate report from results file: statistics.csv
2020-09-24 12:34:12,037 INFO o.a.j.r.d.ReportGenerator: Reading report generator properties from: C:\Users\Revature\scoop\apps\jmeter\current\bin\reportgenerator.properties
2020-09-24 12:34:12,038 INFO o.a.j.r.d.ReportGenerator: Merging with JMeter properties
2020-09-24 12:34:12,068 INFO o.a.j.r.c.ReportGeneratorConfiguration: Property 'jmeter.reportgenerator.temp_dir' not found, using default value 'temp' instead.
2020-09-24 12:34:12,082 INFO o.a.j.r.c.ReportGeneratorConfiguration: Property 'jmeter.reportgenerator.apdex_per_transaction' not found, using default value 'null' instead.
2020-09-24 12:34:12,088 INFO o.a.j.r.c.ReportGeneratorConfiguration: apdex_per_transaction is empty, not APDEX per transaction customization
2020-09-24 12:34:12,088 INFO o.a.j.r.c.ReportGeneratorConfiguration: Property 'jmeter.reportgenerator.sample_filter' not found, using default value 'null' instead.
2020-09-24 12:34:12,089 INFO o.a.j.r.c.ReportGeneratorConfiguration: Property 'jmeter.reportgenerator.report_title' not found, using default value 'null' instead.
2020-09-24 12:34:12,089 INFO o.a.j.r.c.ReportGeneratorConfiguration: Property 'jmeter.reportgenerator.start_date' not found, using default value 'null' instead.
2020-09-24 12:34:12,089 INFO o.a.j.r.c.ReportGeneratorConfiguration: Property 'jmeter.reportgenerator.end_date' not found, using default value 'null' instead.
2020-09-24 12:34:12,089 INFO o.a.j.r.c.ReportGeneratorConfiguration: Property 'jmeter.reportgenerator.date_format' not found, using default value 'null' instead.
2020-09-24 12:34:12,090 INFO o.a.j.r.c.ReportGeneratorConfiguration: Will use date range start date: null, end date: null
2020-09-24 12:34:12,106 INFO o.a.j.r.c.ReportGeneratorConfiguration: Property 'jmeter.reportgenerator.graph.totalTPS.exclude_controllers' not found, using default value 'false' instead.
2020-09-24 12:34:12,107 INFO o.a.j.r.c.ReportGeneratorConfiguration: Property 'jmeter.reportgenerator.graph.activeThreadsOverTime.exclude_controllers' not found, using default value 'false' instead.
2020-09-24 12:34:12,108 INFO o.a.j.r.c.ReportGeneratorConfiguration: Property 'jmeter.reportgenerator.graph.timeVsThreads.exclude_controllers' not found, using default value 'false' instead.
2020-09-24 12:34:12,108 INFO o.a.j.r.c.ReportGeneratorConfiguration: Property 'jmeter.reportgenerator.graph.responseTimeDistribution.exclude_controllers' not found, using default value 'false' instead.
2020-09-24 12:34:12,108 INFO o.a.j.r.c.ReportGeneratorConfiguration: Property 'jmeter.reportgenerator.graph.transactionsPerSecond.exclude_controllers' not found, using default value 'false' instead.
2020-09-24 12:34:12,108 INFO o.a.j.r.c.ReportGeneratorConfiguration: Property 'jmeter.reportgenerator.graph.responseTimePercentiles.exclude_controllers' not found, using default value 'false' instead.
2020-09-24 12:34:12,108 INFO o.a.j.r.c.ReportGeneratorConfiguration: Property 'jmeter.reportgenerator.graph.responseTimePercentilesOverTime.exclude_controllers' not found, using default value 'false' instead.
2020-09-24 12:34:12,109 INFO o.a.j.r.c.ReportGeneratorConfiguration: Property 'jmeter.reportgenerator.graph.responseTimesOverTime.exclude_controllers' not found, using default value 'false' instead.
2020-09-24 12:34:12,109 INFO o.a.j.r.c.ReportGeneratorConfiguration: Property 'jmeter.reportgenerator.graph.connectTimeOverTime.exclude_controllers' not found, using default value 'false' instead.
2020-09-24 12:34:12,109 INFO o.a.j.r.c.ReportGeneratorConfiguration: Property 'jmeter.reportgenerator.graph.latenciesOverTime.exclude_controllers' not found, using default value 'false' instead.
2020-09-24 12:34:12,111 INFO o.a.j.r.c.ReportGeneratorConfiguration: Property 'jmeter.reportgenerator.exporter.json.filters_only_sample_series' not found, using default value 'true' instead.
2020-09-24 12:34:12,111 INFO o.a.j.r.c.ReportGeneratorConfiguration: Property 'jmeter.reportgenerator.exporter.json.series_filter' not found, using default value '' instead.
2020-09-24 12:34:12,112 INFO o.a.j.r.c.ReportGeneratorConfiguration: Property 'jmeter.reportgenerator.exporter.json.show_controllers_only' not found, using default value 'false' instead.
2020-09-24 12:34:12,113 INFO o.a.j.r.c.ReportGeneratorConfiguration: Property 'jmeter.reportgenerator.exporter.html.filters_only_sample_series' not found, using default value 'true' instead.
2020-09-24 12:34:12,113 INFO o.a.j.r.c.ReportGeneratorConfiguration: Property 'jmeter.reportgenerator.exporter.html.series_filter' not found, using default value '' instead.
2020-09-24 12:34:12,113 INFO o.a.j.r.c.ReportGeneratorConfiguration: Property 'jmeter.reportgenerator.exporter.html.show_controllers_only' not found, using default value 'false' instead.
2020-09-24 12:34:12,417 INFO o.a.j.s.SaveService: Testplan (JMX) version: 2.2. Testlog (JTL) version: 2.2
2020-09-24 12:34:12,462 INFO o.a.j.s.SaveService: Using SaveService properties file encoding UTF-8
2020-09-24 12:34:12,474 INFO o.a.j.s.SaveService: Using SaveService properties version 5.0
2020-09-24 12:34:12,562 INFO o.a.j.r.p.NormalizerSampleConsumer: Using format, 'ms', to parse timeStamp field
2020-09-24 12:34:14,768 INFO o.a.j.r.p.AbstractSampleConsumer: class org.apache.jmeter.report.processor.AggregateConsumer#stopProducing(): beginDate produced 0 samples
2020-09-24 12:34:14,769 INFO o.a.j.r.p.AbstractSampleConsumer: class org.apache.jmeter.report.processor.AggregateConsumer#stopProducing(): endDate produced 0 samples
2020-09-24 12:34:14,773 INFO o.a.j.r.p.AbstractSampleConsumer: class org.apache.jmeter.report.processor.ApdexSummaryConsumer#stopProducing(): apdexSummary produced 0 samples
2020-09-24 12:34:14,773 INFO o.a.j.r.p.AbstractSampleConsumer: class org.apache.jmeter.report.processor.RequestsSummaryConsumer#stopProducing(): requestsSummary produced 0 samples
2020-09-24 12:34:14,805 INFO o.a.j.r.p.AbstractSampleConsumer: class org.apache.jmeter.report.processor.StatisticsSummaryConsumer#stopProducing(): statisticsSummary produced 0 samples
2020-09-24 12:34:14,820 INFO o.a.j.r.p.AbstractSampleConsumer: class org.apache.jmeter.report.processor.Top5ErrorsBySamplerConsumer#stopProducing(): top5ErrorsBySampler produced 0 samples
2020-09-24 12:34:14,820 INFO o.a.j.r.p.AbstractSampleConsumer: class org.apache.jmeter.report.processor.ErrorsSummaryConsumer#stopProducing(): errorsSummary produced 0 samples
2020-09-24 12:34:14,821 INFO o.a.j.r.p.AbstractSampleConsumer: class org.apache.jmeter.report.processor.graph.impl.HitsPerSecondGraphConsumer#stopProducing(): hitsPerSecond produced 0 samples
2020-09-24 12:34:15,107 INFO o.a.j.r.p.AbstractSampleConsumer: class org.apache.jmeter.report.processor.graph.impl.LatencyVSRequestGraphConsumer#stopProducing(): latencyVsRequest produced 0 samples
2020-09-24 12:34:15,110 INFO o.a.j.r.p.AbstractSampleConsumer: class org.apache.jmeter.report.processor.graph.impl.SyntheticResponseTimeDistributionGraphConsumer#stopProducing(): syntheticResponseTimeDistribution produced 0 samples
2020-09-24 12:34:15,111 INFO o.a.j.r.p.AbstractSampleConsumer: class org.apache.jmeter.report.processor.graph.impl.BytesThroughputGraphConsumer#stopProducing(): bytesThroughputOverTime produced 0 samples
2020-09-24 12:34:15,111 INFO o.a.j.r.p.AbstractSampleConsumer: class org.apache.jmeter.report.processor.graph.impl.CodesPerSecondGraphConsumer#stopProducing(): codesPerSecond produced 0 samples
2020-09-24 12:34:15,278 INFO o.a.j.r.p.AbstractSampleConsumer: class org.apache.jmeter.report.processor.graph.impl.ResponseTimeVSRequestGraphConsumer#stopProducing(): responseTimeVsRequest produced 0 samples
2020-09-24 12:34:15,282 INFO o.a.j.r.p.AbstractSampleConsumer: class org.apache.jmeter.report.processor.FilterConsumer#stopProducing(): startIntervalControlerFilter produced 93730 samples
2020-09-24 12:34:15,282 INFO o.a.j.r.p.AbstractSampleConsumer: class org.apache.jmeter.report.processor.graph.impl.TotalTPSGraphConsumer#stopProducing(): totalTPS produced 0 samples
2020-09-24 12:34:15,284 INFO o.a.j.r.p.AbstractSampleConsumer: class org.apache.jmeter.report.processor.graph.impl.ActiveThreadsGraphConsumer#stopProducing(): activeThreadsOverTime produced 0 samples
2020-09-24 12:34:15,287 INFO o.a.j.r.p.AbstractSampleConsumer: class org.apache.jmeter.report.processor.graph.impl.TimeVSThreadGraphConsumer#stopProducing(): timeVsThreads produced 0 samples
2020-09-24 12:34:15,289 INFO o.a.j.r.p.AbstractSampleConsumer: class org.apache.jmeter.report.processor.graph.impl.ResponseTimeDistributionGraphConsumer#stopProducing(): responseTimeDistribution produced 0 samples
2020-09-24 12:34:15,290 INFO o.a.j.r.p.AbstractSampleConsumer: class org.apache.jmeter.report.processor.graph.impl.TransactionsPerSecondGraphConsumer#stopProducing(): transactionsPerSecond produced 0 samples
2020-09-24 12:34:15,290 INFO o.a.j.r.p.AbstractSampleConsumer: class org.apache.jmeter.report.processor.graph.impl.ResponseTimePercentilesGraphConsumer#stopProducing(): responseTimePercentiles produced 0 samples
2020-09-24 12:34:15,302 INFO o.a.j.r.p.AbstractSampleConsumer: class org.apache.jmeter.report.processor.graph.impl.ResponseTimePercentilesOverTimeGraphConsumer#stopProducing(): responseTimePercentilesOverTime produced 0 samples
2020-09-24 12:34:15,311 INFO o.a.j.r.p.AbstractSampleConsumer: class org.apache.jmeter.report.processor.graph.impl.ResponseTimeOverTimeGraphConsumer#stopProducing(): responseTimesOverTime produced 0 samples
2020-09-24 12:34:15,311 INFO o.a.j.r.p.AbstractSampleConsumer: class org.apache.jmeter.report.processor.graph.impl.ConnectTimeOverTimeGraphConsumer#stopProducing(): connectTimeOverTime produced 0 samples
2020-09-24 12:34:15,312 INFO o.a.j.r.p.AbstractSampleConsumer: class org.apache.jmeter.report.processor.graph.impl.LatencyOverTimeGraphConsumer#stopProducing(): latenciesOverTime produced 0 samples
2020-09-24 12:34:15,312 INFO o.a.j.r.p.AbstractSampleConsumer: class org.apache.jmeter.report.processor.FilterConsumer#stopProducing(): nameFilter produced 200850 samples
2020-09-24 12:34:15,312 INFO o.a.j.r.p.AbstractSampleConsumer: class org.apache.jmeter.report.processor.FilterConsumer#stopProducing(): dateRangeFilter produced 40170 samples
2020-09-24 12:34:15,312 INFO o.a.j.r.p.AbstractSampleConsumer: class org.apache.jmeter.report.processor.NormalizerSampleConsumer#stopProducing(): normalizer produced 13390 samples
2020-09-24 12:34:15,314 INFO o.a.j.r.p.CsvFileSampleSource: produce(): 13390 samples produced in 2s 651 ms on channel 0
2020-09-24 12:34:15,314 INFO o.a.j.r.d.ReportGenerator: Exporting data using exporter:'json' of className:'org.apache.jmeter.report.dashboard.JsonExporter'
2020-09-24 12:34:15,330 INFO o.a.j.r.d.JsonExporter: Found data for consumer statisticsSummary in context
2020-09-24 12:34:15,331 INFO o.a.j.r.d.JsonExporter: Creating statistics for overall
2020-09-24 12:34:15,332 INFO o.a.j.r.d.JsonExporter: Creating statistics for other transactions
2020-09-24 12:34:15,337 INFO o.a.j.r.d.JsonExporter: Checking output folder
2020-09-24 12:34:15,338 INFO o.a.j.r.d.JsonExporter: Writing statistics JSON to C:\Users\Revature\Documents\git\revature\200810jwa\demos\week4\BusinessDelegateExample\reports\report1\statistics.json
2020-09-24 12:34:15,900 INFO o.a.j.r.d.ReportGenerator: Exporting data using exporter:'html' of className:'org.apache.jmeter.report.dashboard.HtmlTemplateExporter'
2020-09-24 12:34:15,907 INFO o.a.j.r.d.HtmlTemplateExporter: Will generate dashboard in folder: C:\Users\Revature\Documents\git\revature\200810jwa\demos\week4\BusinessDelegateExample\reports\report1
2020-09-24 12:34:16,181 ERROR f.configuration: DefaultObjectWrapper.incompatibleImprovements was set to the object returned by Configuration.getVersion(). That defeats the purpose of incompatibleImprovements, and makes upgrading FreeMarker a potentially breaking change. Also, this probably won't be allowed starting from 2.4.0. Instead, set incompatibleImprovements to the highest concrete version that's known to be compatible with your application.
2020-09-24 12:34:16,188 ERROR f.configuration: Configuration.incompatibleImprovements was set to the object returned by Configuration.getVersion(). That defeats the purpose of incompatibleImprovements, and makes upgrading FreeMarker a potentially breaking change. Also, this probably won't be allowed starting from 2.4.0. Instead, set incompatibleImprovements to the highest concrete version that's known to be compatible with your application.
2020-09-24 12:34:16,219 INFO o.a.j.r.d.HtmlTemplateExporter: Report will be generated in: C:\Users\Revature\Documents\git\revature\200810jwa\demos\week4\BusinessDelegateExample\reports\report1, creating folder structure
2020-09-24 12:34:16,224 INFO o.a.j.r.d.TemplateVisitor: Copying folder from 'C:\Users\Revature\scoop\apps\jmeter\current\bin\report-template' to 'C:\Users\Revature\Documents\git\revature\200810jwa\demos\week4\BusinessDelegateExample\reports\report1', got message: C:\Users\Revature\Documents\git\revature\200810jwa\demos\week4\BusinessDelegateExample\reports\report1, found non empty folder with following content [C:\Users\Revature\Documents\git\revature\200810jwa\demos\week4\BusinessDelegateExample\reports\report1\statistics.json], will be ignored
